2024-11-25 14:18:11,883 INFO  [main] Starting Chrome browser in normal mode...
2024-11-25 14:18:13,728 INFO  [main] Navigating to page: http://localhost:8081/register
2024-11-25 14:18:14,450 INFO  [main] Navigating to page: http://localhost:8081/register
2024-11-25 14:18:14,761 INFO  [main] Getting current URL: http://localhost:8081/register
2024-11-25 14:18:14,761 INFO  [main] Navigating to page: http://localhost:8081/login
2024-11-25 14:18:14,803 INFO  [main] Getting current URL: http://localhost:8081/login
2024-11-25 14:18:14,805 INFO  [main] Finding element with locator: By.id: username
2024-11-25 14:18:14,832 INFO  [main] Finding element with locator: By.id: password
2024-11-25 14:18:14,864 INFO  [main] Finding element with locator: By.xpath: //input[@value='Login']
2024-11-25 14:18:15,000 INFO  [main] Finding element with locator: By.cssSelector: a.nav-link[href='/logout']
2024-11-25 14:18:16,176 INFO  [main] Closing Browser...
2024-11-25 14:18:16,328 INFO  [main] Starting Chrome browser in normal mode...
2024-11-25 14:18:17,284 INFO  [main] Getting current URL: data:,
2024-11-25 14:18:17,287 INFO  [main] Navigating to page: http://localhost:8081/login
2024-11-25 14:18:17,566 INFO  [main] Getting current URL: http://localhost:8081/login
2024-11-25 14:18:17,568 INFO  [main] Finding element with locator: By.id: username
2024-11-25 14:18:17,628 INFO  [main] Finding element with locator: By.id: password
2024-11-25 14:18:17,658 INFO  [main] Finding element with locator: By.xpath: //input[@value='Login']
2024-11-25 14:18:17,819 INFO  [main] Finding element with locator: By.cssSelector: a.nav-link[href='/logout']
2024-11-25 14:18:18,991 INFO  [main] Closing Browser...
2024-11-25 14:18:19,109 INFO  [main] Starting Chrome browser in normal mode...
2024-11-25 14:18:20,140 INFO  [main] Closing Browser...
2024-11-25 14:18:20,262 INFO  [main] Starting Chrome browser in normal mode...
2024-11-25 14:18:21,248 INFO  [main] Navigating to page: http://localhost:8081/register
2024-11-25 14:18:21,809 INFO  [main] Finding element with locator: By.xpath: //i[contains(text(), 'the email already exist')]
2024-11-25 14:18:22,347 INFO  [main] Finding element with locator: By.xpath: //i[contains(text(), 'the email already exist')]
2024-11-25 14:18:22,863 INFO  [main] Finding element with locator: By.xpath: //i[contains(text(), 'the email already exist')]
2024-11-25 14:18:23,380 INFO  [main] Finding element with locator: By.xpath: //i[contains(text(), 'the email already exist')]
2024-11-25 14:18:23,895 INFO  [main] Finding element with locator: By.xpath: //i[contains(text(), 'the email already exist')]
2024-11-25 14:18:23,909 INFO  [main] Closing Browser...
2024-11-25 14:18:24,033 INFO  [main] Starting Chrome browser in normal mode...
2024-11-25 14:18:25,016 INFO  [main] Navigating to page: http://localhost:8081/register
2024-11-25 14:18:25,594 INFO  [main] Finding element with locator: By.xpath: //i[contains(text(), 'password must be minimum 8 characters')]
2024-11-25 14:18:26,137 INFO  [main] Finding element with locator: By.xpath: //i[contains(text(), 'password must be minimum 8 characters')]
2024-11-25 14:18:26,654 INFO  [main] Finding element with locator: By.xpath: //i[contains(text(), 'password must be minimum 8 characters')]
2024-11-25 14:18:27,169 INFO  [main] Finding element with locator: By.xpath: //i[contains(text(), 'password must be minimum 8 characters')]
2024-11-25 14:18:27,688 INFO  [main] Finding element with locator: By.xpath: //i[contains(text(), 'password must be minimum 8 characters')]
2024-11-25 14:18:27,702 INFO  [main] Closing Browser...
2024-11-25 14:18:27,830 INFO  [main] Starting Chrome browser in normal mode...
2024-11-25 14:18:28,839 INFO  [main] Navigating to page: http://localhost:8081/register
2024-11-25 14:18:29,569 INFO  [main] Finding element with locator: By.xpath: //i[contains(text(), 'username must be maximum 20 characters')]
2024-11-25 14:18:30,082 INFO  [main] Finding element with locator: By.xpath: //i[contains(text(), 'username must be maximum 20 characters')]
2024-11-25 14:18:30,597 INFO  [main] Finding element with locator: By.xpath: //i[contains(text(), 'username must be maximum 20 characters')]
2024-11-25 14:18:31,113 INFO  [main] Finding element with locator: By.xpath: //i[contains(text(), 'username must be maximum 20 characters')]
2024-11-25 14:18:31,633 INFO  [main] Finding element with locator: By.xpath: //i[contains(text(), 'username must be maximum 20 characters')]
2024-11-25 14:18:31,651 INFO  [main] Closing Browser...
2024-11-25 14:18:31,780 INFO  [main] Starting Chrome browser in normal mode...
2024-11-25 14:18:32,782 INFO  [main] Closing Browser...
2024-11-25 14:18:32,899 INFO  [main] Starting Chrome browser in normal mode...
2024-11-25 14:18:33,901 INFO  [main] Getting current URL: data:,
2024-11-25 14:18:33,903 INFO  [main] Navigating to page: http://localhost:8081/login
2024-11-25 14:18:34,175 INFO  [main] Getting current URL: http://localhost:8081/login
2024-11-25 14:18:34,178 INFO  [main] Finding element with locator: By.id: username
2024-11-25 14:18:34,251 INFO  [main] Finding element with locator: By.id: password
2024-11-25 14:18:34,280 INFO  [main] Finding element with locator: By.xpath: //input[@value='Login']
2024-11-25 14:18:34,453 INFO  [main] Finding element with locator: By.cssSelector: a.nav-link[href='/logout']
2024-11-25 14:18:34,472 INFO  [main] Navigating to page: http://localhost:8081/posts/auth/newPost
2024-11-25 14:18:34,515 INFO  [main] Finding element with locator: By.id: StringListId
2024-11-25 14:18:35,059 INFO  [main] Finding element with locator: By.id: message
2024-11-25 14:18:35,092 INFO  [main] Finding element with locator: By.xpath: //input[@value='Save post']
2024-11-25 14:18:35,168 INFO  [main] Navigating to page: http://localhost:8081
2024-11-25 14:18:35,294 INFO  [main] Finding element with locator: By.cssSelector: a.nav-link[href='/logout']
2024-11-25 14:18:35,362 INFO  [main] Navigating to page: http://localhost:8081/login
2024-11-25 14:18:35,392 INFO  [main] Finding element with locator: By.id: username
2024-11-25 14:18:35,420 INFO  [main] Finding element with locator: By.id: password
2024-11-25 14:18:35,450 INFO  [main] Finding element with locator: By.xpath: //input[@value='Login']
2024-11-25 14:18:35,587 INFO  [main] Finding element with locator: By.cssSelector: a.nav-link[href='/logout']
2024-11-25 14:18:35,599 INFO  [main] Navigating to page: http://localhost:8081/posts#
2024-11-25 14:18:35,662 INFO  [main] Finding element with locator: By.xpath: //input[@value='Like']
2024-11-25 14:18:35,942 INFO  [main] Finding element with locator: By.xpath: //input[@value='Dislike']
2024-11-25 14:18:36,454 INFO  [main] Finding element with locator: By.xpath: //input[@value='Dislike']
2024-11-25 14:18:36,490 INFO  [main] Navigating to page: http://localhost:8081
2024-11-25 14:18:36,574 INFO  [main] Finding element with locator: By.cssSelector: a.nav-link[href='/logout']
2024-11-25 14:18:36,645 INFO  [main] Closing Browser...
2024-11-25 14:18:36,760 INFO  [main] Starting Chrome browser in normal mode...
2024-11-25 14:18:37,723 INFO  [main] Closing Browser...
2024-11-25 14:18:37,837 INFO  [main] Starting Chrome browser in normal mode...
2024-11-25 14:18:38,825 INFO  [main] Getting current URL: data:,
2024-11-25 14:18:38,826 INFO  [main] Navigating to page: http://localhost:8081/login
2024-11-25 14:18:39,112 INFO  [main] Getting current URL: http://localhost:8081/login
2024-11-25 14:18:39,112 INFO  [main] Finding element with locator: By.id: username
2024-11-25 14:18:39,170 INFO  [main] Finding element with locator: By.id: password
2024-11-25 14:18:39,197 INFO  [main] Finding element with locator: By.xpath: //input[@value='Login']
2024-11-25 14:18:39,338 INFO  [main] Finding element with locator: By.cssSelector: a.nav-link[href='/logout']
2024-11-25 14:18:39,351 INFO  [main] Navigating to page: http://localhost:8081/posts/auth/newPost
2024-11-25 14:18:39,386 INFO  [main] Finding element with locator: By.id: StringListId
2024-11-25 14:18:39,933 INFO  [main] Finding element with locator: By.id: message
2024-11-25 14:18:39,966 INFO  [main] Finding element with locator: By.xpath: //input[@value='Save post']
2024-11-25 14:18:40,040 INFO  [main] Navigating to page: http://localhost:8081
2024-11-25 14:18:40,178 INFO  [main] Finding element with locator: By.cssSelector: a.nav-link[href='/logout']
2024-11-25 14:18:40,236 INFO  [main] Navigating to page: http://localhost:8081/register
2024-11-25 14:18:40,619 INFO  [main] Navigating to page: http://localhost:8081/login
2024-11-25 14:18:40,681 INFO  [main] Getting current URL: http://localhost:8081/login
2024-11-25 14:18:40,681 INFO  [main] Finding element with locator: By.id: username
2024-11-25 14:18:40,707 INFO  [main] Finding element with locator: By.id: password
2024-11-25 14:18:40,744 INFO  [main] Finding element with locator: By.xpath: //input[@value='Login']
2024-11-25 14:18:40,837 INFO  [main] Finding element with locator: By.cssSelector: a.nav-link[href='/logout']
2024-11-25 14:18:40,883 INFO  [main] Navigating to page: http://localhost:8081/posts#
2024-11-25 14:18:40,957 INFO  [main] Finding element with locator: By.cssSelector: a.btn.btn-primary
2024-11-25 14:18:40,972 INFO  [main] Finding element with locator: By.cssSelector: a.btn.btn-primary
2024-11-25 14:18:41,246 INFO  [main] Finding element with locator: By.xpath: //a[contains(@class, 'btn') and contains(@class, 'btn-primary') and text()='Delete post']
2024-11-25 14:18:41,778 INFO  [main] Finding element with locator: By.xpath: //a[contains(@class, 'btn') and contains(@class, 'btn-primary') and text()='Delete post']
2024-11-25 14:18:41,878 INFO  [main] Finding element with locator: By.id: StringListId
2024-11-25 14:18:42,425 INFO  [main] Finding element with locator: By.cssSelector: input.btn.py-3.px-4.btn-primary[type='submit'][value='Submit']
2024-11-25 14:18:42,441 INFO  [main] Finding element with locator: By.cssSelector: input.btn.py-3.px-4.btn-primary[type='submit'][value='Submit']
2024-11-25 14:18:43,092 INFO  [main] Navigating to page: http://localhost:8081
2024-11-25 14:18:43,178 INFO  [main] Finding element with locator: By.cssSelector: a.nav-link[href='/logout']
2024-11-25 14:18:43,250 INFO  [main] Closing Browser...
2024-11-25 14:18:43,363 INFO  [main] Starting Chrome browser in normal mode...
2024-11-25 14:18:44,341 INFO  [main] Closing Browser...
2024-11-25 14:18:44,461 INFO  [main] Starting Chrome browser in normal mode...
2024-11-25 14:18:45,452 INFO  [main] Getting current URL: data:,
2024-11-25 14:18:45,453 INFO  [main] Navigating to page: http://localhost:8081/login
2024-11-25 14:18:45,888 INFO  [main] Getting current URL: http://localhost:8081/login
2024-11-25 14:18:45,888 INFO  [main] Finding element with locator: By.id: username
2024-11-25 14:18:45,955 INFO  [main] Finding element with locator: By.id: password
2024-11-25 14:18:45,988 INFO  [main] Finding element with locator: By.xpath: //input[@value='Login']
2024-11-25 14:18:46,100 INFO  [main] Finding element with locator: By.cssSelector: a.nav-link[href='/logout']
2024-11-25 14:18:46,160 INFO  [main] Navigating to page: http://localhost:8081/search?searchParam1=&searchParam2=&index=0&size=10
2024-11-25 14:18:46,207 INFO  [main] Finding element with locator: By.xpath: //h2[@class='mr-3 text-black' and text()='Twanda']
2024-11-25 14:18:47,225 INFO  [main] Finding element with locator: By.xpath: //h2[@class='mr-3 text-black' and text()='Twanda']
2024-11-25 14:18:49,412 INFO  [main] Finding element with locator: By.xpath: //input[@value='connect']
2024-11-25 14:18:49,443 INFO  [main] Finding element with locator: By.xpath: //input[@value='connect']
2024-11-25 14:18:49,566 INFO  [main] Navigating to page: http://localhost:8081
2024-11-25 14:18:49,625 INFO  [main] Finding element with locator: By.cssSelector: a.nav-link[href='/logout']
2024-11-25 14:18:49,676 INFO  [main] Closing Browser...
2024-11-25 14:18:49,789 INFO  [main] Starting Chrome browser in normal mode...
2024-11-25 14:18:50,748 INFO  [main] Closing Browser...
2024-11-25 14:18:50,869 INFO  [main] Starting Chrome browser in normal mode...
2024-11-25 14:18:51,886 INFO  [main] Getting current URL: data:,
2024-11-25 14:18:51,886 INFO  [main] Navigating to page: http://localhost:8081/login
2024-11-25 14:18:52,163 INFO  [main] Getting current URL: http://localhost:8081/login
2024-11-25 14:18:52,164 INFO  [main] Finding element with locator: By.id: username
2024-11-25 14:18:52,234 INFO  [main] Finding element with locator: By.id: password
2024-11-25 14:18:52,265 INFO  [main] Finding element with locator: By.xpath: //input[@value='Login']
2024-11-25 14:18:52,424 INFO  [main] Finding element with locator: By.cssSelector: a.nav-link[href='/logout']
2024-11-25 14:18:52,440 INFO  [main] Navigating to page: http://localhost:8081/posts/auth/newPost
2024-11-25 14:18:52,474 INFO  [main] Finding element with locator: By.id: StringListId
2024-11-25 14:18:53,020 INFO  [main] Finding element with locator: By.id: message
2024-11-25 14:18:53,058 INFO  [main] Finding element with locator: By.xpath: //input[@value='Save post']
2024-11-25 14:18:53,129 INFO  [main] Finding element with locator: By.xpath: //p[contains(text(), 'Demo post')]
2024-11-25 14:18:53,227 INFO  [main] Navigating to page: http://localhost:8081
2024-11-25 14:18:53,287 INFO  [main] Finding element with locator: By.cssSelector: a.nav-link[href='/logout']
2024-11-25 14:18:53,348 INFO  [main] Navigating to page: http://localhost:8081/login
2024-11-25 14:18:53,378 INFO  [main] Finding element with locator: By.id: username
2024-11-25 14:18:53,401 INFO  [main] Finding element with locator: By.id: password
2024-11-25 14:18:53,429 INFO  [main] Finding element with locator: By.xpath: //input[@value='Login']
2024-11-25 14:18:53,565 INFO  [main] Finding element with locator: By.cssSelector: a.nav-link[href='/logout']
2024-11-25 14:18:53,576 INFO  [main] Navigating to page: http://localhost:8081/posts#
2024-11-25 14:18:54,548 INFO  [main] Navigating to page: http://localhost:8081/posts#
2024-11-25 14:18:54,678 INFO  [main] Navigating to page: http://localhost:8081
2024-11-25 14:18:54,738 INFO  [main] Finding element with locator: By.cssSelector: a.nav-link[href='/logout']
2024-11-25 14:18:54,799 INFO  [main] Closing Browser...
2024-11-25 14:18:54,908 INFO  [main] Starting Chrome browser in normal mode...
2024-11-25 14:18:55,861 INFO  [main] Closing Browser...
2024-11-25 14:18:55,978 INFO  [main] Starting Chrome browser in normal mode...
2024-11-25 14:18:56,858 INFO  [main] Getting current URL: data:,
2024-11-25 14:18:56,860 INFO  [main] Navigating to page: http://localhost:8081/login
2024-11-25 14:18:57,330 INFO  [main] Finding element with locator: By.id: username
2024-11-25 14:18:57,399 INFO  [main] Finding element with locator: By.id: password
2024-11-25 14:18:57,429 INFO  [main] Finding element with locator: By.xpath: //input[@value='Login']
2024-11-25 14:18:57,591 INFO  [main] Finding element with locator: By.cssSelector: a.nav-link[href='/logout']
2024-11-25 14:18:57,608 INFO  [main] Navigating to page: http://localhost:8081/search?searchParam1=&searchParam2=&index=0&size=10
2024-11-25 14:18:57,657 INFO  [main] Finding element with locator: By.xpath: //h2[@class='mr-3 text-black' and text()='Twanda']
2024-11-25 14:18:58,674 INFO  [main] Finding element with locator: By.xpath: //h2[@class='mr-3 text-black' and text()='Twanda']
2024-11-25 14:19:00,879 INFO  [main] Finding element with locator: By.xpath: //input[@value='connect']
2024-11-25 14:19:00,907 INFO  [main] Finding element with locator: By.xpath: //input[@value='connect']
2024-11-25 14:19:00,968 INFO  [main] Navigating to page: http://localhost:8081
2024-11-25 14:19:01,050 INFO  [main] Finding element with locator: By.cssSelector: a.nav-link[href='/logout']
2024-11-25 14:19:01,111 INFO  [main] Navigating to page: http://localhost:8081/login
2024-11-25 14:19:01,142 INFO  [main] Finding element with locator: By.id: username
2024-11-25 14:19:01,165 INFO  [main] Finding element with locator: By.id: password
2024-11-25 14:19:01,190 INFO  [main] Finding element with locator: By.xpath: //input[@value='Login']
2024-11-25 14:19:01,319 INFO  [main] Finding element with locator: By.cssSelector: a.nav-link[href='/logout']
2024-11-25 14:19:01,332 INFO  [main] Navigating to page: http://localhost:8081/search?searchParam1=&searchParam2=&index=0&size=10
2024-11-25 14:19:01,414 INFO  [main] Navigating to page: http://localhost:8081
2024-11-25 14:19:01,453 INFO  [main] Finding element with locator: By.xpath: //a[normalize-space(text())='Personal Profile']
2024-11-25 14:19:02,785 INFO  [main] Finding element with locator: By.cssSelector: form.search-job input.btn-primary[type='submit']
2024-11-25 14:19:03,905 INFO  [main] Finding element with locator: By.cssSelector: input.btn.btn-primary[value='Approve Request']
2024-11-25 14:19:04,563 INFO  [main] Navigating to page: http://localhost:8081
2024-11-25 14:19:04,648 INFO  [main] Finding element with locator: By.cssSelector: a.nav-link[href='/logout']
2024-11-25 14:19:04,720 INFO  [main] Closing Browser...
2024-11-25 14:19:04,834 INFO  [main] Starting Chrome browser in normal mode...
2024-11-25 14:19:05,802 INFO  [main] Closing Browser...
2024-11-25 14:19:05,915 INFO  [main] Starting Chrome browser in normal mode...
2024-11-25 14:19:06,913 INFO  [main] Getting current URL: data:,
2024-11-25 14:19:06,915 INFO  [main] Navigating to page: http://localhost:8081/login
2024-11-25 14:19:07,244 INFO  [main] Getting current URL: http://localhost:8081/login
2024-11-25 14:19:07,246 INFO  [main] Finding element with locator: By.id: username
2024-11-25 14:19:07,315 INFO  [main] Finding element with locator: By.id: password
2024-11-25 14:19:07,346 INFO  [main] Finding element with locator: By.xpath: //input[@value='Login']
2024-11-25 14:19:07,503 INFO  [main] Finding element with locator: By.cssSelector: a.nav-link[href='/logout']
2024-11-25 14:19:07,518 INFO  [main] Navigating to page: http://localhost:8081/posts/auth/newPost
2024-11-25 14:19:07,558 INFO  [main] Finding element with locator: By.id: StringListId
2024-11-25 14:19:08,108 INFO  [main] Finding element with locator: By.id: message
2024-11-25 14:19:08,141 INFO  [main] Finding element with locator: By.xpath: //input[@value='Save post']
2024-11-25 14:19:08,216 INFO  [main] Finding element with locator: By.xpath: //p[contains(text(), 'Demo post')]
2024-11-25 14:19:08,314 INFO  [main] Finding element with locator: By.cssSelector: a.btn.btn-primary
2024-11-25 14:19:08,324 INFO  [main] Finding element with locator: By.cssSelector: a.btn.btn-primary
2024-11-25 14:19:08,595 INFO  [main] Finding element with locator: By.xpath: //a[contains(@class, 'btn') and contains(@class, 'btn-primary') and text()='Delete post']
2024-11-25 14:19:09,123 INFO  [main] Finding element with locator: By.xpath: //a[contains(@class, 'btn') and contains(@class, 'btn-primary') and text()='Delete post']
2024-11-25 14:19:09,277 INFO  [main] Finding element with locator: By.id: StringListId
2024-11-25 14:19:09,824 INFO  [main] Finding element with locator: By.cssSelector: input.btn.py-3.px-4.btn-primary[type='submit'][value='Submit']
2024-11-25 14:19:09,837 INFO  [main] Finding element with locator: By.cssSelector: input.btn.py-3.px-4.btn-primary[type='submit'][value='Submit']
2024-11-25 14:19:10,468 INFO  [main] Navigating to page: http://localhost:8081
2024-11-25 14:19:10,546 INFO  [main] Finding element with locator: By.cssSelector: a.nav-link[href='/logout']
2024-11-25 14:19:10,615 INFO  [main] Closing Browser...
2024-11-25 14:19:10,724 INFO  [main] Starting Chrome browser in normal mode...
2024-11-25 14:19:11,685 INFO  [main] Closing Browser...
2024-11-25 14:19:11,807 INFO  [main] Starting Chrome browser in normal mode...
2024-11-25 14:19:12,806 INFO  [main] Navigating to page: http://localhost:8081
2024-11-25 14:19:13,148 INFO  [main] Getting current URL: http://localhost:8081/
2024-11-25 14:19:13,148 INFO  [main] Finding element with locator: By.cssSelector: a.nav-link[href='/register']
2024-11-25 14:19:13,163 INFO  [main] Finding element with locator: By.cssSelector: a.nav-link[href='/login']
2024-11-25 14:19:13,710 INFO  [main] Closing Browser...
2024-11-25 14:19:13,828 INFO  [main] Starting Chrome browser in normal mode...
2024-11-25 14:19:14,846 INFO  [main] Closing Browser...
2024-11-25 14:19:14,963 INFO  [main] Starting Chrome browser in normal mode...
2024-11-25 14:19:15,981 INFO  [main] Navigating to page: http://localhost:8081/login
2024-11-25 14:19:16,257 INFO  [main] Finding element with locator: By.id: username
2024-11-25 14:19:16,310 INFO  [main] Finding element with locator: By.id: password
2024-11-25 14:19:16,338 INFO  [main] Finding element with locator: By.xpath: //input[@value='Login']
2024-11-25 14:19:16,494 INFO  [main] Finding element with locator: By.cssSelector: a.nav-link[href='/logout']
2024-11-25 14:19:16,509 INFO  [main] Navigating to page: http://localhost:8081
2024-11-25 14:19:16,553 INFO  [main] Finding element with locator: By.xpath: //a[normalize-space(text())='Personal Profile']
2024-11-25 14:19:16,917 INFO  [main] Finding element with locator: By.xpath: //a[contains(@class, 'nav-link') and contains(text(), 'edit')]
2024-11-25 14:19:17,569 INFO  [main] Finding element with locator: By.xpath: //p[text()='Billy Gibbons']
2024-11-25 14:19:17,584 INFO  [main] Navigating to page: http://localhost:8081/posts#
2024-11-25 14:19:17,651 INFO  [main] Finding element with locator: By.xpath: //input[@value='Like']
2024-11-25 14:19:17,870 INFO  [main] Closing Browser...
2024-11-25 14:19:17,983 INFO  [main] Starting Chrome browser in normal mode...
2024-11-25 14:19:18,972 INFO  [main] Closing Browser...
2024-11-25 14:19:19,085 INFO  [main] Starting Chrome browser in normal mode...
2024-11-25 14:19:20,084 INFO  [main] Getting current URL: data:,
2024-11-25 14:19:20,086 INFO  [main] Navigating to page: http://localhost:8081/register
2024-11-25 14:19:20,703 INFO  [main] Navigating to page: http://localhost:8081/login
2024-11-25 14:19:20,742 INFO  [main] Getting current URL: http://localhost:8081/login
2024-11-25 14:19:20,743 INFO  [main] Finding element with locator: By.id: username
2024-11-25 14:19:20,776 INFO  [main] Finding element with locator: By.id: password
2024-11-25 14:19:20,821 INFO  [main] Finding element with locator: By.xpath: //input[@value='Login']
2024-11-25 14:19:20,952 INFO  [main] Finding element with locator: By.cssSelector: a.nav-link[href='/logout']
2024-11-25 14:19:20,966 INFO  [main] Navigating to page: http://localhost:8081/search?searchParam1=&searchParam2=&index=0&size=10
2024-11-25 14:19:21,734 INFO  [main] Navigating to page: http://localhost:8081
2024-11-25 14:19:21,802 INFO  [main] Finding element with locator: By.cssSelector: a.nav-link[href='/logout']
2024-11-25 14:19:21,871 INFO  [main] Navigating to page: http://localhost:8081/login
2024-11-25 14:19:21,909 INFO  [main] Finding element with locator: By.id: username
2024-11-25 14:19:21,937 INFO  [main] Finding element with locator: By.id: password
2024-11-25 14:19:21,966 INFO  [main] Finding element with locator: By.xpath: //input[@value='Login']
2024-11-25 14:19:22,041 INFO  [main] Navigating to page: http://localhost:8081
2024-11-25 14:19:22,087 INFO  [main] Closing Browser...
2024-11-25 14:19:22,147 INFO  [main] Starting Chrome browser in normal mode...
2024-11-25 14:19:23,104 INFO  [main] Closing Browser...
2024-11-25 14:19:23,218 INFO  [main] Starting Chrome browser in normal mode...
2024-11-25 14:19:24,213 INFO  [main] Getting current URL: data:,
2024-11-25 14:19:24,216 INFO  [main] Navigating to page: http://localhost:8081/login
2024-11-25 14:19:24,502 INFO  [main] Getting current URL: http://localhost:8081/login
2024-11-25 14:19:24,503 INFO  [main] Finding element with locator: By.id: username
2024-11-25 14:19:24,561 INFO  [main] Finding element with locator: By.id: password
2024-11-25 14:19:24,593 INFO  [main] Finding element with locator: By.xpath: //input[@value='Login']
2024-11-25 14:19:24,753 INFO  [main] Finding element with locator: By.cssSelector: a.nav-link[href='/logout']
2024-11-25 14:19:24,771 INFO  [main] Navigating to page: http://localhost:8081/posts/auth/newPost
2024-11-25 14:19:24,807 INFO  [main] Finding element with locator: By.id: StringListId
2024-11-25 14:19:25,354 INFO  [main] Finding element with locator: By.id: message
2024-11-25 14:19:25,390 INFO  [main] Finding element with locator: By.xpath: //input[@value='Save post']
2024-11-25 14:19:25,470 INFO  [main] Navigating to page: http://localhost:8081
2024-11-25 14:19:25,605 INFO  [main] Finding element with locator: By.cssSelector: a.nav-link[href='/logout']
2024-11-25 14:19:25,665 INFO  [main] Navigating to page: http://localhost:8081
2024-11-25 14:19:25,708 INFO  [main] Navigating to page: http://localhost:8081/posts#
2024-11-25 14:19:25,768 INFO  [main] Finding element with locator: By.xpath: //input[@value='Like']
2024-11-25 14:19:26,277 INFO  [main] Finding element with locator: By.xpath: //input[@value='Like']
2024-11-25 14:19:26,789 INFO  [main] Finding element with locator: By.xpath: //input[@value='Like']
2024-11-25 14:19:27,304 INFO  [main] Finding element with locator: By.xpath: //input[@value='Like']
2024-11-25 14:19:27,819 INFO  [main] Finding element with locator: By.xpath: //input[@value='Like']
2024-11-25 14:19:27,834 INFO  [main] Finding element with locator: By.xpath: //input[@value='Like']
2024-11-25 14:19:28,347 INFO  [main] Finding element with locator: By.xpath: //input[@value='Like']
2024-11-25 14:19:28,859 INFO  [main] Finding element with locator: By.xpath: //input[@value='Like']
2024-11-25 14:19:29,376 INFO  [main] Finding element with locator: By.xpath: //input[@value='Like']
2024-11-25 14:19:29,895 INFO  [main] Finding element with locator: By.xpath: //input[@value='Like']
2024-11-25 14:19:29,903 INFO  [main] Closing Browser...
2024-11-25 14:19:30,021 INFO  [main] Starting Chrome browser in normal mode...
2024-11-25 14:19:30,993 INFO  [main] Closing Browser...
2024-11-25 14:19:31,110 INFO  [main] Starting Chrome browser in normal mode...
2024-11-25 14:19:32,126 INFO  [main] Navigating to page: http://localhost:8081/login
2024-11-25 14:19:32,402 INFO  [main] Finding element with locator: By.id: username
2024-11-25 14:19:32,459 INFO  [main] Finding element with locator: By.id: password
2024-11-25 14:19:32,487 INFO  [main] Finding element with locator: By.xpath: //input[@value='Login']
2024-11-25 14:19:32,634 INFO  [main] Finding element with locator: By.cssSelector: a.nav-link[href='/logout']
2024-11-25 14:19:32,653 INFO  [main] Finding element with locator: By.cssSelector: a.nav-link[href='/logout']
2024-11-25 14:19:32,707 INFO  [main] Closing Browser...
2024-11-25 14:19:32,769 INFO  [main] Starting Chrome browser in normal mode...
2024-11-25 14:19:33,718 INFO  [main] Closing Browser...
