2024-11-16 00:01:09,951 INFO  [main] Starting Chrome browser in normal mode...
2024-11-16 00:01:10,879 INFO  [main] Navigating to page: http://localhost:8081
2024-11-16 00:01:11,198 INFO  [main] Getting current URL: http://localhost:8081/
2024-11-16 00:01:11,199 INFO  [main] Navigating to page: http://localhost:8081/register
2024-11-16 00:01:11,420 INFO  [main] Finding element with locator: By.id: name
2024-11-16 00:01:11,499 INFO  [main] Finding element with locator: By.id: email
2024-11-16 00:01:11,529 INFO  [main] Finding element with locator: By.id: password
2024-11-16 00:01:11,570 INFO  [main] Finding element with locator: By.id: confirm
2024-11-16 00:01:11,601 INFO  [main] Finding element with locator: By.xpath: //input[@value='Register']
2024-11-16 00:01:12,324 INFO  [main] Closing Browser...
2024-11-16 00:01:12,452 INFO  [main] Starting Chrome browser in normal mode...
2024-11-16 00:01:13,454 INFO  [main] Navigating to page: http://localhost:8081
2024-11-16 00:01:13,708 INFO  [main] Getting current URL: http://localhost:8081/
2024-11-16 00:01:13,708 INFO  [main] Navigating to page: http://localhost:8081/register
2024-11-16 00:01:13,873 INFO  [main] Finding element with locator: By.id: name
2024-11-16 00:01:13,946 INFO  [main] Finding element with locator: By.id: email
2024-11-16 00:01:13,974 INFO  [main] Finding element with locator: By.id: password
2024-11-16 00:01:14,003 INFO  [main] Finding element with locator: By.id: confirm
2024-11-16 00:01:14,031 INFO  [main] Finding element with locator: By.xpath: //input[@value='Register']
2024-11-16 00:01:14,728 INFO  [main] Closing Browser...
2024-11-16 00:01:14,845 INFO  [main] Starting Chrome browser in normal mode...
2024-11-16 00:01:15,826 INFO  [main] Closing Browser...
2024-11-16 00:01:15,983 INFO  [main] Starting Chrome browser in normal mode...
2024-11-16 00:01:17,009 INFO  [main] Navigating to page: http://localhost:8081
2024-11-16 00:01:17,290 INFO  [main] Getting current URL: http://localhost:8081/
2024-11-16 00:01:17,291 INFO  [main] Finding element with locator: By.cssSelector: a.nav-link[href='/register']
2024-11-16 00:01:17,307 INFO  [main] Finding element with locator: By.cssSelector: a.nav-link[href='/login']
2024-11-16 00:01:17,858 INFO  [main] Closing Browser...
2024-11-16 00:01:17,968 INFO  [main] Starting Chrome browser in normal mode...
2024-11-16 00:01:19,011 INFO  [main] Closing Browser...
2024-11-16 00:01:19,124 INFO  [main] Starting Chrome browser in normal mode...
2024-11-16 00:01:20,121 INFO  [main] Navigating to page: http://localhost:8081
2024-11-16 00:01:20,391 INFO  [main] Navigating to page: http://localhost:8081/register
2024-11-16 00:01:20,559 INFO  [main] Finding element with locator: By.id: name
2024-11-16 00:01:20,633 INFO  [main] Finding element with locator: By.id: email
2024-11-16 00:01:20,668 INFO  [main] Finding element with locator: By.id: password
2024-11-16 00:01:20,705 INFO  [main] Finding element with locator: By.id: confirm
2024-11-16 00:01:20,730 INFO  [main] Finding element with locator: By.xpath: //input[@value='Register']
2024-11-16 00:01:20,893 INFO  [main] Navigating to page: http://localhost:8081/login
2024-11-16 00:01:20,929 INFO  [main] Getting current URL: http://localhost:8081/login
2024-11-16 00:01:20,929 INFO  [main] Finding element with locator: By.id: username
2024-11-16 00:01:20,962 INFO  [main] Finding element with locator: By.id: password
2024-11-16 00:01:20,989 INFO  [main] Finding element with locator: By.xpath: //input[@value='Login']
2024-11-16 00:01:21,281 INFO  [main] Finding element with locator: By.cssSelector: a.nav-link[href='/logout']
2024-11-16 00:01:21,296 INFO  [main] Finding element with locator: By.cssSelector: a.nav-link[href='/logout']
2024-11-16 00:01:21,321 INFO  [main] Finding element with locator: By.cssSelector: a.nav-link[href='/logout']
2024-11-16 00:01:21,565 INFO  [main] Closing Browser...
2024-11-16 00:01:21,677 INFO  [main] Starting Chrome browser in normal mode...
2024-11-16 00:01:22,663 INFO  [main] Navigating to page: http://localhost:8081
2024-11-16 00:01:22,939 INFO  [main] Navigating to page: http://localhost:8081/register
2024-11-16 00:01:23,113 INFO  [main] Finding element with locator: By.id: name
2024-11-16 00:01:23,188 INFO  [main] Finding element with locator: By.id: email
2024-11-16 00:01:23,213 INFO  [main] Finding element with locator: By.id: password
2024-11-16 00:01:23,246 INFO  [main] Finding element with locator: By.id: confirm
2024-11-16 00:01:23,273 INFO  [main] Finding element with locator: By.xpath: //input[@value='Register']
2024-11-16 00:01:23,428 INFO  [main] Navigating to page: http://localhost:8081/login
2024-11-16 00:01:23,461 INFO  [main] Getting current URL: http://localhost:8081/login
2024-11-16 00:01:23,462 INFO  [main] Finding element with locator: By.id: username
2024-11-16 00:01:23,489 INFO  [main] Finding element with locator: By.id: password
2024-11-16 00:01:23,516 INFO  [main] Finding element with locator: By.xpath: //input[@value='Login']
2024-11-16 00:01:23,880 INFO  [main] Finding element with locator: By.cssSelector: a.nav-link[href='/logout']
2024-11-16 00:01:23,896 INFO  [main] Finding element with locator: By.cssSelector: a.nav-link[href='/logout']
2024-11-16 00:01:23,920 INFO  [main] Finding element with locator: By.cssSelector: a.nav-link[href='/logout']
2024-11-16 00:01:24,170 INFO  [main] Closing Browser...
2024-11-16 00:01:24,283 INFO  [main] Starting Chrome browser in normal mode...
2024-11-16 00:01:25,309 INFO  [main] Closing Browser...
